2022-08-26 11:56:21,752 :INFO : test_first :Username and Password taken and Login the user profile
2022-08-26 11:56:35,925 :INFO : test_first :Sayani (Tultuli)
2022-08-26 11:56:36,043 :INFO : test_first :079981 62391
2022-08-26 11:56:41,304 :INFO : test_first : total number of block user are 10
2022-08-26 11:56:44,123 :INFO : test_first :logout successfully
2022-08-26 14:54:00,757 :INFO : test_first :Username and Password taken and Login the user profile
2022-08-26 15:22:25,311 :INFO : test_first :Username and Password taken and Login the user profile
2022-08-26 15:23:38,581 :INFO : test_first :Username and Password taken and Login the user profile
2022-08-26 15:25:32,845 :INFO : test_first :Username and Password taken and Login the user profile
2022-08-26 15:25:51,214 :INFO : test_first :Sayani (Tultuli)
2022-08-26 15:25:51,334 :INFO : test_first :079981 62391
2022-08-26 15:26:00,683 :INFO : test_first : total number of block user are 10
2022-08-26 15:26:03,573 :INFO : test_first :logout successfully
2022-08-26 15:32:12,611 :INFO : test_first :Username and Password taken and Login the user profile
2022-08-26 15:41:07,763 :INFO : test_first :Username and Password taken and Login the user profile
2022-08-26 15:44:46,030 :INFO : test_first :Username and Password taken and Login the user profile
2022-08-26 15:48:19,938 :INFO : test_first :Username and Password taken and Login the user profile
2022-08-26 15:48:43,461 :INFO : test_first :Sayani (Tultuli)
2022-08-26 15:48:43,500 :INFO : test_first :079981 62391
2022-08-26 15:48:47,536 :INFO : test_first : total number of block user are 10
2022-08-26 15:48:52,416 :INFO : test_first :logout successfully
2022-08-26 16:21:00,905 :INFO : test_first :Username and Password taken and Login the user profile
2022-08-26 16:50:10,932 :INFO : test_first :Username and Password taken and Login the user profile
2022-08-26 16:50:49,486 :INFO : test_first :Username and Password taken and Login the user profile
2022-08-26 16:51:15,880 :INFO : test_first :Pradeep Reddy
2022-08-26 16:51:15,979 :INFO : test_first :076765 99764
2022-08-26 16:51:19,320 :INFO : test_first : total number of block user are 3
2022-08-26 16:51:22,336 :INFO : test_first :logout successfully
